<mule xmlns="http://www.mulesoft.org/schema/mule/core"
      xmlns:xsi="http://www.w3.org/2001/XMLSchema-instance"
      xmlns:basic="http://www.mulesoft.org/schema/mule/basic"
      xsi:schemaLocation="http://www.mulesoft.org/schema/mule/core http://www.mulesoft.org/schema/mule/core/current/mule.xsd
          http://www.mulesoft.org/schema/mule/basic http://www.mulesoft.org/schema/mule/basic/current/mule-basic.xsd">

    <basic:config name="config" configId="configId">
        <basic:connection requiredParameter="aValue" />
    </basic:config>

    <flow name="sayHiFlow">
        <basic:say-hi person="Mariano Gonzalez"/>
    </flow>

    <flow name="retrieveInfoFlow">
        <basic:retrieve-info config-ref="config"/>
    </flow>

</mule>
